-------------------------------------------------------------------------------
Test set: com.murdermys.murdermystery.selenium.welcome.HelloIT
-------------------------------------------------------------------------------
Tests run: 1, Failures: 0, Errors: 1, Skipped: 0, Time elapsed: 1.096 s <<< FAILURE! - in com.murdermys.murdermystery.selenium.welcome.HelloIT
com.murdermys.murdermystery.selenium.welcome.HelloIT.testHelloWorld  Time elapsed: 0.001 s  <<< ERROR!
org.springframework.beans.factory.UnsatisfiedDependencyException: Error creating bean with name 'com.murdermys.murdermystery.selenium.welcome.HelloIT': Unsatisfied dependency expressed through field 'webDriver'; nested exception is org.springframework.beans.factory.BeanCreationException: Error creating bean with name 'webDriver' defined in class path resource [META-INF/spring/seleniumContext.xml]: Instantiation of bean failed; nested exception is org.springframework.beans.BeanInstantiationException: Failed to instantiate [org.openqa.selenium.firefox.FirefoxDriver]: Constructor threw exception; nested exception is java.lang.IllegalStateException: The path to the driver executable must be set by the webdriver.gecko.driver system property; for more information, see https://github.com/mozilla/geckodriver. The latest version can be downloaded from https://github.com/mozilla/geckodriver/releases
Caused by: org.springframework.beans.factory.BeanCreationException: Error creating bean with name 'webDriver' defined in class path resource [META-INF/spring/seleniumContext.xml]: Instantiation of bean failed; nested exception is org.springframework.beans.BeanInstantiationException: Failed to instantiate [org.openqa.selenium.firefox.FirefoxDriver]: Constructor threw exception; nested exception is java.lang.IllegalStateException: The path to the driver executable must be set by the webdriver.gecko.driver system property; for more information, see https://github.com/mozilla/geckodriver. The latest version can be downloaded from https://github.com/mozilla/geckodriver/releases
Caused by: org.springframework.beans.BeanInstantiationException: Failed to instantiate [org.openqa.selenium.firefox.FirefoxDriver]: Constructor threw exception; nested exception is java.lang.IllegalStateException: The path to the driver executable must be set by the webdriver.gecko.driver system property; for more information, see https://github.com/mozilla/geckodriver. The latest version can be downloaded from https://github.com/mozilla/geckodriver/releases
Caused by: java.lang.IllegalStateException: The path to the driver executable must be set by the webdriver.gecko.driver system property; for more information, see https://github.com/mozilla/geckodriver. The latest version can be downloaded from https://github.com/mozilla/geckodriver/releases

